<?xml version="1.0" encoding="UTF-8"?>
<testsuite xmlns:xsi="http://www.w3.org/2001/XMLSchema-instance" xsi:noNamespaceSchemaLocation="https://maven.apache.org/surefire/maven-surefire-plugin/xsd/surefire-test-report-3.0.xsd" version="3.0" name="org.example.testRunner.runners" time="610.246" tests="20" errors="0" skipped="0" failures="3">
  <properties>
[...]
</properties>
  <testcase name="runScenario" classname="org.example.testRunner.runners" time="28.735"/>
  <testcase name="runScenario" classname="org.example.testRunner.runners" time="28.467"/>
  <testcase name="runScenario" classname="org.example.testRunner.runners" time="33.575"/>
  <testcase name="runScenario" classname="org.example.testRunner.runners" time="29.826"/>
  <testcase name="runScenario" classname="org.example.testRunner.runners" time="28.174"/>
  <testcase name="runScenario" classname="org.example.testRunner.runners" time="26.91"/>
  <testcase name="runScenario" classname="org.example.testRunner.runners" time="27.445"/>
  <testcase name="runScenario" classname="org.example.testRunner.runners" time="25.315"/>
  <testcase name="runScenario" classname="org.example.testRunner.runners" time="32.165"/>
  <testcase name="runScenario" classname="org.example.testRunner.runners" time="30.763"/>
  <testcase name="runScenario" classname="org.example.testRunner.runners" time="29.783"/>
  <testcase name="runScenario" classname="org.example.testRunner.runners" time="25.963"/>
  <testcase name="runScenario" classname="org.example.testRunner.runners" time="41.691">
    <failure message="Expected condition failed: waiting for url to contain &quot;https://demo.nopcommerce.com/nokia-lumia-1020&quot;. Current url: &quot;https://demo.nopcommerce.com/&quot; (tried for 15 second(s) with 500 milliseconds interval)&#10;Build info: version: &apos;4.5.0&apos;, revision: &apos;fe167b119a&apos;&#10;System info: os.name: &apos;Windows 10&apos;, os.arch: &apos;amd64&apos;, os.version: &apos;10.0&apos;, java.version: &apos;1.8.0_341&apos;&#10;Driver info: org.openqa.selenium.chrome.ChromeDriver&#10;Capabilities {acceptInsecureCerts: false, browserName: chrome, browserVersion: 106.0.5249.119, chrome: {chromedriverVersion: 105.0.5195.52 (412c95e51883..., userDataDir: C:\Users\osama\AppData\Loca...}, goog:chromeOptions: {debuggerAddress: localhost:50948}, networkConnectionEnabled: false, pageLoadStrategy: normal, platformName: WINDOWS, proxy: Proxy(), se:cdp: ws://localhost:50948/devtoo..., se:cdpVersion: 106.0.5249.119, setWindowRect: true, strictFileInteractability: false, timeouts: {implicit: 0, pageLoad: 300000, script: 30000}, unhandledPromptBehavior: dismiss and notify, webauthn:extension:credBlob: true, webauthn:extension:largeBlob: true, webauthn:virtualAuthenticators: true}&#10;Session ID: bceef6ff8b56ec830b675d577208ded6" type="org.openqa.selenium.TimeoutException"><![CDATA[org.openqa.selenium.TimeoutException: 
Expected condition failed: waiting for url to contain "https://demo.nopcommerce.com/nokia-lumia-1020". Current url: "https://demo.nopcommerce.com/" (tried for 15 second(s) with 500 milliseconds interval)
Build info: version: '4.5.0', revision: 'fe167b119a'
System info: os.name: 'Windows 10', os.arch: 'amd64', os.version: '10.0', java.version: '1.8.0_341'
Driver info: org.openqa.selenium.chrome.ChromeDriver
Capabilities {acceptInsecureCerts: false, browserName: chrome, browserVersion: 106.0.5249.119, chrome: {chromedriverVersion: 105.0.5195.52 (412c95e51883..., userDataDir: C:\Users\osama\AppData\Loca...}, goog:chromeOptions: {debuggerAddress: localhost:50948}, networkConnectionEnabled: false, pageLoadStrategy: normal, platformName: WINDOWS, proxy: Proxy(), se:cdp: ws://localhost:50948/devtoo..., se:cdpVersion: 106.0.5249.119, setWindowRect: true, strictFileInteractability: false, timeouts: {implicit: 0, pageLoad: 300000, script: 30000}, unhandledPromptBehavior: dismiss and notify, webauthn:extension:credBlob: true, webauthn:extension:largeBlob: true, webauthn:virtualAuthenticators: true}
Session ID: bceef6ff8b56ec830b675d577208ded6
]]></failure>
    <system-out><![CDATA[
@smoke
Scenario: Dollar currency is selected by default &amp#27;[90m# src/main/resources/features/ F03_currencies.feature:4&amp#27;[0m
  &amp#27;[32mWhen &amp#27;[0m&amp#27;[32muser check currency list&amp#27;[0m                  &amp#27;[90m# org.example.stepDefs.D03_currenciesStepDef.user_check_currency_list()&amp#27;[0m

@smoke
Scenario: user could select Euro currency &amp#27;[90m# src/main/resources/features/ F03_currencies.feature:8&amp#27;[0m
  &amp#27;[32mWhen &amp#27;[0m&amp#27;[32muser select Euro&amp#27;[0m                   &amp#27;[90m# org.example.stepDefs.D03_currenciesStepDef.userSelectEuro()&amp#27;[0m
  &amp#27;[32mThen &amp#27;[0m&amp#27;[32mcheck the Euro sign&amp#27;[0m                &amp#27;[90m# org.example.stepDefs.D03_currenciesStepDef.checkTheEuroSign()&amp#27;[0m

@smoke
Scenario: guest user could register with valid data &amp#27;[90m# src/main/resources/features/F01_Register.feature:6&amp#27;[0m
  &amp#27;[32mGiven &amp#27;[0m&amp#27;[32muser go to register page&amp#27;[0m                    &amp#27;[90m# org.example.stepDefs.D01_registerStepDef.userGoToRegisterPage()&amp#27;[0m
  &amp#27;[32mWhen &amp#27;[0m&amp#27;[32muser select gender type&amp#27;[0m                      &amp#27;[90m# org.example.stepDefs.D01_registerStepDef.userSelectGenderType()&amp#27;[0m
  &amp#27;[32mAnd &amp#27;[0m&amp#27;[32muser enter first name  and last name&amp#27;[0m          &amp#27;[90m# org.example.stepDefs.D01_registerStepDef.userEnterFirstNameAndLastName()&amp#27;[0m
  &amp#27;[32mAnd &amp#27;[0m&amp#27;[32muser enter date of birth&amp#27;[0m                      &amp#27;[90m# org.example.stepDefs.D01_registerStepDef.userEnterDateOfBirth()&amp#27;[0m
  &amp#27;[32mAnd &amp#27;[0m&amp#27;[32muser enter email&amp#27;[0m                              &amp#27;[90m# org.example.stepDefs.D01_registerStepDef.userEnterEmail()&amp#27;[0m
  &amp#27;[32mAnd &amp#27;[0m&amp#27;[32muser fills Password fields&amp#27;[0m                    &amp#27;[90m# org.example.stepDefs.D01_registerStepDef.userFillsPasswordFields()&amp#27;[0m
  &amp#27;[32mAnd &amp#27;[0m&amp#27;[32muser clicks on register button&amp#27;[0m                &amp#27;[90m# org.example.stepDefs.D01_registerStepDef.userClicksOnRegisterButton()&amp#27;[0m
  &amp#27;[32mThen &amp#27;[0m&amp#27;[32msuccess message is displayed&amp#27;[0m                 &amp#27;[90m# org.example.stepDefs.D01_registerStepDef.successMessageIsDisplayed()&amp#27;[0m

@smoke
Scenario: user could login with valid email and password &amp#27;[90m# src/main/resources/features/F02_Login.feature:4&amp#27;[0m
  &amp#27;[32mGiven &amp#27;[0m&amp#27;[32muser go to login page&amp#27;[0m                            &amp#27;[90m# org.example.stepDefs.D02_loginstepDef.userlogin()&amp#27;[0m
  &amp#27;[32mWhen &amp#27;[0m&amp#27;[32muser login with valid email and  Password&amp#27;[0m         &amp#27;[90m# org.example.stepDefs.D02_loginstepDef.userLoginWithValidEmailPassword()&amp#27;[0m
  &amp#27;[32mAnd &amp#27;[0m&amp#27;[32muser press on login button&amp#27;[0m                         &amp#27;[90m# org.example.stepDefs.D02_loginstepDef.userPressOnLoginButton()&amp#27;[0m
  &amp#27;[32mThen &amp#27;[0m&amp#27;[32muser login to the system successfully&amp#27;[0m             &amp#27;[90m# org.example.stepDefs.D02_loginstepDef.userLoginToTheSystemSuccessfully()&amp#27;[0m

@smoke
Scenario: F02_Login| user login with invalid data  &amp#27;[90m# src/main/resources/features/F02_Login.feature:11&amp#27;[0m
  &amp#27;[32mGiven &amp#27;[0m&amp#27;[32muser go to login page&amp#27;[0m                      &amp#27;[90m# org.example.stepDefs.D02_loginstepDef.userlogin()&amp#27;[0m
  &amp#27;[32mWhen &amp#27;[0m&amp#27;[32muser login with invalid email and  Password&amp#27;[0m &amp#27;[90m# org.example.stepDefs.D02_loginstepDef.userLoginWithInvalidEmailAndPassword()&amp#27;[0m
  &amp#27;[32mAnd &amp#27;[0m&amp#27;[32muser press on login button&amp#27;[0m                   &amp#27;[90m# org.example.stepDefs.D02_loginstepDef.userPressOnLoginButton()&amp#27;[0m
  &amp#27;[32mThen &amp#27;[0m&amp#27;[32muser could not login to the system&amp#27;[0m          &amp#27;[90m# org.example.stepDefs.D02_loginstepDef.userCouldNotLoginToTheSystem()&amp#27;[0m

@smoke
Scenario Outline: user could search with valid product name  &amp#27;[90m# src/main/resources/features/F04_search.feature:10&amp#27;[0m
  &amp#27;[32mGiven &amp#27;[0m&amp#27;[32muser go to search field with the product name &amp#27;[0m&amp#27;[32m&amp#27;[1m"book"&amp#27;[0m &amp#27;[90m# org.example.stepDefs.D04_searchStepDef.user_GoToSearch_Field_With_TheProduct_Name(java.lang.String)&amp#27;[0m
  &amp#27;[32mAnd &amp#27;[0m&amp#27;[32muser press on search button&amp#27;[0m                            &amp#27;[90m# org.example.stepDefs.D04_searchStepDef.userPressOnSearchButton()&amp#27;[0m
  &amp#27;[32mThen &amp#27;[0m&amp#27;[32muser get the result of search correctly &amp#27;[0m&amp#27;[32m&amp#27;[1m"book"&amp#27;[0m        &amp#27;[90m# org.example.stepDefs.D04_searchStepDef.userGetTheResultOfSearchCorrectly(java.lang.String)&amp#27;[0m

@smoke
Scenario Outline: user could search with valid product name    &amp#27;[90m# src/main/resources/features/F04_search.feature:11&amp#27;[0m
  &amp#27;[32mGiven &amp#27;[0m&amp#27;[32muser go to search field with the product name &amp#27;[0m&amp#27;[32m&amp#27;[1m"laptop"&amp#27;[0m &amp#27;[90m# org.example.stepDefs.D04_searchStepDef.user_GoToSearch_Field_With_TheProduct_Name(java.lang.String)&amp#27;[0m
  &amp#27;[32mAnd &amp#27;[0m&amp#27;[32muser press on search button&amp#27;[0m                              &amp#27;[90m# org.example.stepDefs.D04_searchStepDef.userPressOnSearchButton()&amp#27;[0m
  &amp#27;[32mThen &amp#27;[0m&amp#27;[32muser get the result of search correctly &amp#27;[0m&amp#27;[32m&amp#27;[1m"laptop"&amp#27;[0m        &amp#27;[90m# org.example.stepDefs.D04_searchStepDef.userGetTheResultOfSearchCorrectly(java.lang.String)&amp#27;[0m

@smoke
Scenario Outline: user could search with valid product name  &amp#27;[90m# src/main/resources/features/F04_search.feature:12&amp#27;[0m
  &amp#27;[32mGiven &amp#27;[0m&amp#27;[32muser go to search field with the product name &amp#27;[0m&amp#27;[32m&amp#27;[1m"nike"&amp#27;[0m &amp#27;[90m# org.example.stepDefs.D04_searchStepDef.user_GoToSearch_Field_With_TheProduct_Name(java.lang.String)&amp#27;[0m
  &amp#27;[32mAnd &amp#27;[0m&amp#27;[32muser press on search button&amp#27;[0m                            &amp#27;[90m# org.example.stepDefs.D04_searchStepDef.userPressOnSearchButton()&amp#27;[0m
  &amp#27;[32mThen &amp#27;[0m&amp#27;[32muser get the result of search correctly &amp#27;[0m&amp#27;[32m&amp#27;[1m"nike"&amp#27;[0m        &amp#27;[90m# org.example.stepDefs.D04_searchStepDef.userGetTheResultOfSearchCorrectly(java.lang.String)&amp#27;[0m

@smoke
Scenario Outline: user could search using serial           &amp#27;[90m# src/main/resources/features/F04_search.feature:20&amp#27;[0m
  &amp#27;[32mGiven &amp#27;[0m&amp#27;[32muder go to search field with serial  &amp#27;[0m&amp#27;[32m&amp#27;[1m"SCI_FAITH"&amp#27;[0m   &amp#27;[90m# org.example.stepDefs.D04_searchStepDef.uderGoToSearchFieldWithSerial(java.lang.String)&amp#27;[0m
  &amp#27;[32mAnd &amp#27;[0m&amp#27;[32muser press on search button&amp#27;[0m                          &amp#27;[90m# org.example.stepDefs.D04_searchStepDef.userPressOnSearchButton()&amp#27;[0m
  &amp#27;[32mThen &amp#27;[0m&amp#27;[32muser get the search result successfully &amp#27;[0m&amp#27;[32m&amp#27;[1m"SCI_FAITH"&amp#27;[0m &amp#27;[90m# org.example.stepDefs.D04_searchStepDef.userGetTheSearchResultSuccessfully(java.lang.String)&amp#27;[0m

@smoke
Scenario Outline: user could search using serial           &amp#27;[90m# src/main/resources/features/F04_search.feature:21&amp#27;[0m
  &amp#27;[32mGiven &amp#27;[0m&amp#27;[32muder go to search field with serial  &amp#27;[0m&amp#27;[32m&amp#27;[1m"APPLE_CAM"&amp#27;[0m   &amp#27;[90m# org.example.stepDefs.D04_searchStepDef.uderGoToSearchFieldWithSerial(java.lang.String)&amp#27;[0m
  &amp#27;[32mAnd &amp#27;[0m&amp#27;[32muser press on search button&amp#27;[0m                          &amp#27;[90m# org.example.stepDefs.D04_searchStepDef.userPressOnSearchButton()&amp#27;[0m
  &amp#27;[32mThen &amp#27;[0m&amp#27;[32muser get the search result successfully &amp#27;[0m&amp#27;[32m&amp#27;[1m"APPLE_CAM"&amp#27;[0m &amp#27;[90m# org.example.stepDefs.D04_searchStepDef.userGetTheSearchResultSuccessfully(java.lang.String)&amp#27;[0m

@smoke
Scenario Outline: user could search using serial           &amp#27;[90m# src/main/resources/features/F04_search.feature:22&amp#27;[0m
  &amp#27;[32mGiven &amp#27;[0m&amp#27;[32muder go to search field with serial  &amp#27;[0m&amp#27;[32m&amp#27;[1m"SF_PRO_11"&amp#27;[0m   &amp#27;[90m# org.example.stepDefs.D04_searchStepDef.uderGoToSearchFieldWithSerial(java.lang.String)&amp#27;[0m
  &amp#27;[32mAnd &amp#27;[0m&amp#27;[32muser press on search button&amp#27;[0m                          &amp#27;[90m# org.example.stepDefs.D04_searchStepDef.userPressOnSearchButton()&amp#27;[0m
  &amp#27;[32mThen &amp#27;[0m&amp#27;[32muser get the search result successfully &amp#27;[0m&amp#27;[32m&amp#27;[1m"SF_PRO_11"&amp#27;[0m &amp#27;[90m# org.example.stepDefs.D04_searchStepDef.userGetTheSearchResultSuccessfully(java.lang.String)&amp#27;[0m

@smoke
Scenario: hover on element                                                 &amp#27;[90m# src/main/resources/features/F05_hover.feature:3&amp#27;[0m
  &amp#27;[32mWhen &amp#27;[0m&amp#27;[32muser select random category to hover on it&amp#27;[0m                          &amp#27;[90m# org.example.stepDefs.D05_hoverStepDef.user_select_category()&amp#27;[0m
  &amp#27;[32mAnd &amp#27;[0m&amp#27;[32mselect asub category from the main category and click on it&amp#27;[0m          &amp#27;[90m# org.example.stepDefs.D05_hoverStepDef.selectAsubCategoryFromTheMainCategory()&amp#27;[0m
  &amp#27;[32mThen &amp#27;[0m&amp#27;[32mmake sure that page title  contain the name of selected subcategory&amp#27;[0m &amp#27;[90m# org.example.stepDefs.D05_hoverStepDef.makeSureThatPageTitleContainTheNameOfSelectedSubcategory()&amp#27;[0m

@smoke
Scenario: homeSlider                                      &amp#27;[90m# src/main/resourcehttps://demo.nopcommerce.com/
]]></system-out>
    <system-err><![CDATA[Starting ChromeDriver 105.0.5195.52 (412c95e518836d8a7d97250d62b29c2ae6a26a85-refs/branch-heads/5195@{#853}) on port 65210
Only local connections are allowed.
Please see https://chromedriver.chromium.org/security-considerations for suggestions on keeping ChromeDriver safe.
ChromeDriver was started successfully.
[1666957495.596][WARNING]: This version of ChromeDriver has not been tested with Chrome version 106.
أكت 28, 2022 1:44:56 م org.openqa.selenium.remote.ProtocolHandshake createSession
INFO: Detected upstream dialect: W3C
أكت 28, 2022 1:44:56 م org.openqa.selenium.devtools.CdpVersionFinder findNearestMatch
INFO: Found exact CDP implementation for version 106
]]></system-err>
  </testcase>
  <testcase name="runScenario" classname="org.example.testRunner.runners" time="43.831">
    <failure message="Expected condition failed: waiting for url to contain &quot;https://demo.nopcommerce.com/iphone-6&quot;. Current url: &quot;https://demo.nopcommerce.com/&quot; (tried for 15 second(s) with 500 milliseconds interval)&#10;Build info: version: &apos;4.5.0&apos;, revision: &apos;fe167b119a&apos;&#10;System info: os.name: &apos;Windows 10&apos;, os.arch: &apos;amd64&apos;, os.version: &apos;10.0&apos;, java.version: &apos;1.8.0_341&apos;&#10;Driver info: org.openqa.selenium.chrome.ChromeDriver&#10;Capabilities {acceptInsecureCerts: false, browserName: chrome, browserVersion: 106.0.5249.119, chrome: {chromedriverVersion: 105.0.5195.52 (412c95e51883..., userDataDir: C:\Users\osama\AppData\Loca...}, goog:chromeOptions: {debuggerAddress: localhost:50984}, networkConnectionEnabled: false, pageLoadStrategy: normal, platformName: WINDOWS, proxy: Proxy(), se:cdp: ws://localhost:50984/devtoo..., se:cdpVersion: 106.0.5249.119, setWindowRect: true, strictFileInteractability: false, timeouts: {implicit: 0, pageLoad: 300000, script: 30000}, unhandledPromptBehavior: dismiss and notify, webauthn:extension:credBlob: true, webauthn:extension:largeBlob: true, webauthn:virtualAuthenticators: true}&#10;Session ID: 6544b5a517f839df2363ea93e1762b17" type="org.openqa.selenium.TimeoutException"><![CDATA[org.openqa.selenium.TimeoutException: 
Expected condition failed: waiting for url to contain "https://demo.nopcommerce.com/iphone-6". Current url: "https://demo.nopcommerce.com/" (tried for 15 second(s) with 500 milliseconds interval)
Build info: version: '4.5.0', revision: 'fe167b119a'
System info: os.name: 'Windows 10', os.arch: 'amd64', os.version: '10.0', java.version: '1.8.0_341'
Driver info: org.openqa.selenium.chrome.ChromeDriver
Capabilities {acceptInsecureCerts: false, browserName: chrome, browserVersion: 106.0.5249.119, chrome: {chromedriverVersion: 105.0.5195.52 (412c95e51883..., userDataDir: C:\Users\osama\AppData\Loca...}, goog:chromeOptions: {debuggerAddress: localhost:50984}, networkConnectionEnabled: false, pageLoadStrategy: normal, platformName: WINDOWS, proxy: Proxy(), se:cdp: ws://localhost:50984/devtoo..., se:cdpVersion: 106.0.5249.119, setWindowRect: true, strictFileInteractability: false, timeouts: {implicit: 0, pageLoad: 300000, script: 30000}, unhandledPromptBehavior: dismiss and notify, webauthn:extension:credBlob: true, webauthn:extension:largeBlob: true, webauthn:virtualAuthenticators: true}
Session ID: 6544b5a517f839df2363ea93e1762b17
]]></failure>
    <system-out><![CDATA[https://demo.nopcommerce.com/
]]></system-out>
    <system-err><![CDATA[Starting ChromeDriver 105.0.5195.52 (412c95e518836d8a7d97250d62b29c2ae6a26a85-refs/branch-heads/5195@{#853}) on port 60653
Only local connections are allowed.
Please see https://chromedriver.chromium.org/security-considerations for suggestions on keeping ChromeDriver safe.
ChromeDriver was started successfully.
[1666957537.209][WARNING]: This version of ChromeDriver has not been tested with Chrome version 106.
أكت 28, 2022 1:45:38 م org.openqa.selenium.remote.ProtocolHandshake createSession
INFO: Detected upstream dialect: W3C
أكت 28, 2022 1:45:38 م org.openqa.selenium.devtools.CdpVersionFinder findNearestMatch
INFO: Found exact CDP implementation for version 106
]]></system-err>
  </testcase>
  <testcase name="runScenario" classname="org.example.testRunner.runners" time="27.613"/>
  <testcase name="runScenario" classname="org.example.testRunner.runners" time="28.616"/>
  <testcase name="runScenario" classname="org.example.testRunner.runners" time="25.25">
    <failure message="Expected condition failed: waiting for number of open windows to be 2 (tried for 2 second(s) with 500 milliseconds interval)&#10;Build info: version: &apos;4.5.0&apos;, revision: &apos;fe167b119a&apos;&#10;System info: os.name: &apos;Windows 10&apos;, os.arch: &apos;amd64&apos;, os.version: &apos;10.0&apos;, java.version: &apos;1.8.0_341&apos;&#10;Driver info: org.openqa.selenium.chrome.ChromeDriver&#10;Capabilities {acceptInsecureCerts: false, browserName: chrome, browserVersion: 106.0.5249.119, chrome: {chromedriverVersion: 105.0.5195.52 (412c95e51883..., userDataDir: C:\Users\osama\AppData\Loca...}, goog:chromeOptions: {debuggerAddress: localhost:51140}, networkConnectionEnabled: false, pageLoadStrategy: normal, platformName: WINDOWS, proxy: Proxy(), se:cdp: ws://localhost:51140/devtoo..., se:cdpVersion: 106.0.5249.119, setWindowRect: true, strictFileInteractability: false, timeouts: {implicit: 0, pageLoad: 300000, script: 30000}, unhandledPromptBehavior: dismiss and notify, webauthn:extension:credBlob: true, webauthn:extension:largeBlob: true, webauthn:virtualAuthenticators: true}&#10;Session ID: 2aa35843dbd1b67f57fbd212f2cdcaa1" type="org.openqa.selenium.TimeoutException"><![CDATA[org.openqa.selenium.TimeoutException: 
Expected condition failed: waiting for number of open windows to be 2 (tried for 2 second(s) with 500 milliseconds interval)
Build info: version: '4.5.0', revision: 'fe167b119a'
System info: os.name: 'Windows 10', os.arch: 'amd64', os.version: '10.0', java.version: '1.8.0_341'
Driver info: org.openqa.selenium.chrome.ChromeDriver
Capabilities {acceptInsecureCerts: false, browserName: chrome, browserVersion: 106.0.5249.119, chrome: {chromedriverVersion: 105.0.5195.52 (412c95e51883..., userDataDir: C:\Users\osama\AppData\Loca...}, goog:chromeOptions: {debuggerAddress: localhost:51140}, networkConnectionEnabled: false, pageLoadStrategy: normal, platformName: WINDOWS, proxy: Proxy(), se:cdp: ws://localhost:51140/devtoo..., se:cdpVersion: 106.0.5249.119, setWindowRect: true, strictFileInteractability: false, timeouts: {implicit: 0, pageLoad: 300000, script: 30000}, unhandledPromptBehavior: dismiss and notify, webauthn:extension:credBlob: true, webauthn:extension:largeBlob: true, webauthn:virtualAuthenticators: true}
Session ID: 2aa35843dbd1b67f57fbd212f2cdcaa1
]]></failure>
    <system-err><![CDATA[Starting ChromeDriver 105.0.5195.52 (412c95e518836d8a7d97250d62b29c2ae6a26a85-refs/branch-heads/5195@{#853}) on port 56477
Only local connections are allowed.
Please see https://chromedriver.chromium.org/security-considerations for suggestions on keeping ChromeDriver safe.
ChromeDriver was started successfully.
[1666957637.060][WARNING]: This version of ChromeDriver has not been tested with Chrome version 106.
أكت 28, 2022 1:47:18 م org.openqa.selenium.remote.ProtocolHandshake createSession
INFO: Detected upstream dialect: W3C
أكت 28, 2022 1:47:18 م org.openqa.selenium.devtools.CdpVersionFinder findNearestMatch
INFO: Found exact CDP implementation for version 106
]]></system-err>
  </testcase>
  <testcase name="runScenario" classname="org.example.testRunner.runners" time="39.621"/>
  <testcase name="runScenario" classname="org.example.testRunner.runners" time="24.9"/>
  <testcase name="runScenario" classname="org.example.testRunner.runners" time="26.756"/>
</testsuite>